0 info it worked if it ends with ok
1 verbose cli [ 'c:\\PROGRAM FILES\\NODEJS\\node.exe',
1 verbose cli   'c:\\PROGRAM FILES\\NODEJS\\node_modules\\npm\\bin\\npm-cli.js',
1 verbose cli   'install',
1 verbose cli   'require',
1 verbose cli   '--save' ]
2 info using npm@1.3.21
3 info using node@v0.10.24
4 error Failed to parse json
4 error Unexpected end of input
5 error File: c:\Users\Joseph\Desktop\passtor\client\package.json
6 error Failed to parse package.json data.
6 error package.json must be actual JSON, not just JavaScript.
6 error
6 error This is not a bug in npm.
6 error Tell the package author to fix their package.json file. JSON.parse
7 error System Windows_NT 6.1.7601
8 error command "c:\\PROGRAM FILES\\NODEJS\\node.exe" "c:\\PROGRAM FILES\\NODEJS\\node_modules\\npm\\bin\\npm-cli.js" "install" "require" "--save"
9 error cwd c:\Users\Joseph\Desktop\passtor\client
10 error node -v v0.10.24
11 error npm -v 1.3.21
12 error file c:\Users\Joseph\Desktop\passtor\client\package.json
13 error code EJSONPARSE
14 verbose exit [ 1, true ]
